[2020-06-07 19:02:28.395] [sharedprocess] [info] main {"machineId":"1f35e289637dada693c562deef709a92a0e28dc449a6f291839b01e9042c37eb","windowId":2}
[2020-06-07 19:02:28.421] [sharedprocess] [error] [File Watcher (node.js)] Error: ENOENT: no such file or directory, stat '/home/jeongmin/.config/Code/User/snippets'
[2020-06-07 19:03:08.407] [sharedprocess] [info] Starting to clean up unused language packs.
[2020-06-07 19:06:13.193] [sharedprocess] [info] Installing extension: ms-azuretools.vscode-docker
[2020-06-07 19:06:24.621] [sharedprocess] [info] Installing extension: ms-vscode.cpptools
[2020-06-07 19:06:45.123] [sharedprocess] [info] Downloaded extension: ms-azuretools.vscode-docker /tmp/5200e61f-5050-41b5-9337-1da859c85c03
[2020-06-07 19:06:45.464] [sharedprocess] [info] Extracted extension to /home/jeongmin/.vscode/extensions/.ms-azuretools.vscode-docker-1.2.1: ms-azuretools.vscode-docker
[2020-06-07 19:06:45.464] [sharedprocess] [info] Renamed to /home/jeongmin/.vscode/extensions/ms-azuretools.vscode-docker-1.2.1
[2020-06-07 19:06:45.466] [sharedprocess] [info] Installation completed. ms-azuretools.vscode-docker
[2020-06-07 19:06:45.494] [sharedprocess] [info] Extensions installed successfully: ms-azuretools.vscode-docker
[2020-06-07 19:07:15.701] [sharedprocess] [info] Downloaded extension: ms-vscode.cpptools /tmp/26aaa7cb-0a13-4f4c-b0fe-6247eeb69f37
[2020-06-07 19:07:16.003] [sharedprocess] [info] Extracted extension to /home/jeongmin/.vscode/extensions/.ms-vscode.cpptools-0.28.2: ms-vscode.cpptools
[2020-06-07 19:07:16.003] [sharedprocess] [info] Renamed to /home/jeongmin/.vscode/extensions/ms-vscode.cpptools-0.28.2
[2020-06-07 19:07:16.004] [sharedprocess] [info] Installation completed. ms-vscode.cpptools
[2020-06-07 19:07:16.013] [sharedprocess] [info] Extensions installed successfully: ms-vscode.cpptools
[2020-06-08 10:15:07.598] [sharedprocess] [info] Installing extension: ms-vscode-remote.remote-containers
[2020-06-08 10:15:22.379] [sharedprocess] [info] Downloaded extension: ms-vscode-remote.remote-containers /tmp/870b1390-e378-49a2-a097-e82387d64ed9
[2020-06-08 10:15:22.627] [sharedprocess] [info] Extracted extension to /home/jeongmin/.vscode/extensions/.ms-vscode-remote.remote-containers-0.117.1: ms-vscode-remote.remote-containers
[2020-06-08 10:15:22.627] [sharedprocess] [info] Renamed to /home/jeongmin/.vscode/extensions/ms-vscode-remote.remote-containers-0.117.1
[2020-06-08 10:15:22.628] [sharedprocess] [info] Installation completed. ms-vscode-remote.remote-containers
[2020-06-08 10:15:22.637] [sharedprocess] [info] Extensions installed successfully: ms-vscode-remote.remote-containers
